<?xml version="1.0" encoding="UTF-8"?>
<!-- Generated by org.testng.reporters.JUnitXMLReporter -->
<testsuite ignored="0" hostname="hussein" failures="0" tests="10" name="Surefire test" time="11.503" errors="0" timestamp="2023-03-27T12:06:40 EET">
  <testcase classname="com.qacart.todo.UserTest" name="getAllUsers" time="7.288"/>
  <testcase classname="com.qacart.todo.UserTest" name="shouldNotBeLoginWithIncorrectPassword" time="8.21"/>
  <testcase classname="com.qacart.todo.UserTest" name="shouldBeAbleToRegister" time="8.21"/>
  <testcase classname="com.qacart.todo.UserTest" name="shouldNotBeAbleToRegisterWithTheSameEmail" time="8.601"/>
  <testcase classname="com.qacart.todo.UserTest" name="LoginTest" time="8.601"/>
  <testcase classname="com.qacart.todo.TodoTest" name="getAllTodos" time="10.592"/>
  <testcase classname="com.qacart.todo.TodoTest" name="shouldNotAddTodoIfIsCompletedMissing" time="10.599"/>
  <testcase classname="com.qacart.todo.TodoTest" name="AddTodo" time="10.667"/>
  <testcase classname="com.qacart.todo.TodoTest" name="getTodoByID" time="11.38"/>
  <testcase classname="com.qacart.todo.TodoTest" name="deleteTodoByID" time="11.415"/>
</testsuite> <!-- Surefire test -->
