<?xml version="1.0" encoding="UTF-8"?>
<!-- Generated by org.testng.reporters.JUnitXMLReporter -->
<testsuite ignored="0" hostname="hussein" failures="0" tests="10" name="Surefire test" time="8.653" errors="0" timestamp="2023-03-28T13:33:20 EET">
  <testcase classname="com.qacart.todo.UserTest" name="getAllUsers" time="5.028"/>
  <testcase classname="com.qacart.todo.UserTest" name="shouldBeAbleToRegister" time="5.919"/>
  <testcase classname="com.qacart.todo.UserTest" name="shouldNotBeLoginWithIncorrectPassword" time="6.252"/>
  <testcase classname="com.qacart.todo.UserTest" name="LoginTest" time="6.439"/>
  <testcase classname="com.qacart.todo.UserTest" name="shouldNotBeAbleToRegisterWithTheSameEmail" time="6.487"/>
  <testcase classname="com.qacart.todo.TodoTest" name="getAllTodos" time="7.773"/>
  <testcase classname="com.qacart.todo.TodoTest" name="shouldNotAddTodoIfIsCompletedMissing" time="7.803"/>
  <testcase classname="com.qacart.todo.TodoTest" name="AddTodo" time="7.815"/>
  <testcase classname="com.qacart.todo.TodoTest" name="getTodoByID" time="8.493"/>
  <testcase classname="com.qacart.todo.TodoTest" name="deleteTodoByID" time="8.5"/>
</testsuite> <!-- Surefire test -->
