<?xml version="1.0" encoding="UTF-8"?>
<testsuite xmlns:xsi="http://www.w3.org/2001/XMLSchema-instance" xsi:noNamespaceSchemaLocation="https://maven.apache.org/surefire/maven-surefire-plugin/xsd/surefire-test-report-3.0.xsd" version="3.0" name="TestSuite" time="10.856" tests="10" errors="0" skipped="0" failures="0">
  <properties>
[...]
</properties>
  <testcase name="getAllUsers" classname="com.qacart.todo.UserTest" time="5.073">
    <system-out><![CDATA[Request method:	POST
Request URI:	https://qacart-todo.herokuapp.com/api/v1/users/register
Proxy:			<none>
Request params:	<none>
Query params:	<none>
Form params:	<none>
Path params:	<none>
Headers:		Accept=*/*
				Content-Type=application/json
Cookies:		<none>
Multiparts:		<none>
Body:
{
    "lastName": "Ward",
    "email": "mara.oreilly@yahoo.com",
    "password": "1234546646",
    "firstName": "Willodean"
}
Request method:	POST
Request URI:	https://qacart-todo.herokuapp.com/api/v1/users/register
Proxy:			<none>
Request params:	<none>
Query params:	<none>
Form params:	<none>
Path params:	<none>
Headers:		Accept=*/*
				Content-Type=application/json
Cookies:		<none>
Multiparts:		<none>
Body:
{
    "lastName": "Dooley",
    "email": "bob.ratke@hotmail.com",
    "password": "1234546646",
    "firstName": "Chas"
}
Request method:	POST
Request URI:	https://qacart-todo.herokuapp.com/api/v1/users/register
Proxy:			<none>
Request params:	<none>
Query params:	<none>
Form params:	<none>
Path params:	<none>
Headers:		Accept=*/*
				Content-Type=application/json
Cookies:		<none>
Multiparts:		<none>
Body:
{
    "lastName": "Schoen",
    "email": "justine.goodwin@hotmail.com",
    "password": "1234546646",
    "firstName": "Douglass"
}
Request method:	POST
Request URI:	https://qacart-todo.herokuapp.com/api/v1/users/register
Proxy:			<none>
Request params:	<none>
Query params:	<none>
Form params:	<none>
Path params:	<none>
Headers:		Accept=*/*
				Content-Type=application/json
Cookies:		<none>
Multiparts:		<none>
Body:
{
    "lastName": "Goodwin",
    "email": "carlton.bahringer@hotmail.com",
    "password": "1234546646",
    "firstName": "Lane"
}
Request method:	POST
Request URI:	https://qacart-todo.herokuapp.com/api/v1/users/register
Proxy:			<none>
Request params:	<none>
Query params:	<none>
Form params:	<none>
Path params:	<none>
Headers:		Accept=*/*
				Content-Type=application/json
Cookies:		<none>
Multiparts:		<none>
Body:
{
    "lastName": "Turcotte",
    "email": "kathe.raynor@hotmail.com",
    "password": "1234546646",
    "firstName": "Cierra"
}
Request method:	POST
Request URI:	https://qacart-todo.herokuapp.com/api/v1/users/register
Proxy:			<none>
Request params:	<none>
Query params:	<none>
Form params:	<none>
Path params:	<none>
Headers:		Accept=*/*
				Content-Type=application/json
Cookies:		<none>
Multiparts:		<none>
Body:
{
    "lastName": "Grady",
    "email": "cletus.becker@gmail.com",
    "password": "1234546646",
    "firstName": "Sarah"
}
Request method:	POST
Request URI:	https://qacart-todo.herokuapp.com/api/v1/users/register
Proxy:			<none>
Request params:	<none>
Query params:	<none>
Form params:	<none>
Path params:	<none>
Headers:		Accept=*/*
				Content-Type=application/json
Cookies:		<none>
Multiparts:		<none>
Body:
{
    "lastName": "Bergnaum",
    "email": "mallory.jones@gmail.com",
    "password": "1234546646",
    "firstName": "Salvatore"
}
Request method:	POST
Request URI:	https://qacart-todo.herokuapp.com/api/v1/users/register
Proxy:			<none>
Request params:	<none>
Query params:	<none>
Form params:	<none>
Path params:	<none>
Headers:		Accept=*/*
				Content-Type=application/json
Cookies:		<none>
Multiparts:		<none>
Body:
{
    "lastName": "West",
    "email": "josh.zulauf@hotmail.com",
    "password": "1234546646",
    "firstName": "Burt"
}
Request method:	POST
Request URI:	https://qacart-todo.herokuapp.com/api/v1/users/register
Proxy:			<none>
Request params:	<none>
Query params:	<none>
Form params:	<none>
Path params:	<none>
Headers:		Accept=*/*
				Content-Type=application/json
Cookies:		<none>
Multiparts:		<none>
Body:
{
    "lastName": "Abernathy",
    "email": "jerrod.wunsch@gmail.com",
    "password": "1234546646",
    "firstName": "Taina"
}
HTTP/1.1 200 OK
Server: Cowboy
Connection: keep-alive
X-Powered-By: Express
Access-Control-Allow-Origin: *
Accept-Ranges: bytes
Cache-Control: public, max-age=0
Last-Modified: Mon, 27 Mar 2023 21:35:07 GMT
Etag: W/"8a2-18724ff0af8"
Content-Type: text/html; charset=UTF-8
Content-Length: 2210
Date: Tue, 28 Mar 2023 11:33:16 GMT
Via: 1.1 vegur

<html lang="en">
  <head>
    <meta charset="utf-8"/>
    <link rel="icon" href="/logo.png"/>
    <meta name="viewport" content="width=device-width,initial-scale=1"/>
    <meta name="theme-color" content="#000000"/>
    <meta name="description" content="Web site created using create-react-app"/>
    <link rel="apple-touch-icon" href="/logo192.png"/>
    <link rel="manifest" href="/manifest.json"/>
    <title>React App</title>
    <link href="/static/css/main.9827a559.chunk.css" rel="stylesheet"/>
  </head>
  <body>
    <noscript>You need to enable JavaScript to run this app.</noscript>
    <div id="root"/>
    <script>!function(e){function t(t){for(var n,l,i=t[0],f=t[1],a=t[2],p=0,s=[];p&lt;i.length;p++)l=i[p],Object.prototype.hasOwnProperty.call(o,l)&amp;&amp;o[l]&amp;&amp;s.push(o[l][0]),o[l]=0;for(n in f)Object.prototype.hasOwnProperty.call(f,n)&amp;&amp;(e[n]=f[n]);for(c&amp;&amp;c(t);s.length;)s.shift()();return u.push.apply(u,a||[]),r()}function r(){for(var e,t=0;t&lt;u.length;t++){for(var r=u[t],n=!0,i=1;i&lt;r.length;i++){var f=r[i];0!==o[f]&amp;&amp;(n=!1)}n&amp;&amp;(u.splice(t--,1),e=l(l.s=r[0]))}return e}var n={},o={1:0},u=[];function l(t){if(n[t])return n[t].exports;var r=n[t]={i:t,l:!1,exports:{}};return e[t].call(r.exports,r,r.exports,l),r.l=!0,r.exports}l.m=e,l.c=n,l.d=function(e,t,r){l.o(e,t)||Object.defineProperty(e,t,{enumerable:!0,get:r})},l.r=function(e){"undefined"!=typeof Symbol&amp;&amp;Symbol.toStringTag&amp;&amp;Object.defineProperty(e,Symbol.toStringTag,{value:"Module"}),Object.defineProperty(e,"__esModule",{value:!0})},l.t=function(e,t){if(1&amp;t&amp;&amp;(e=l(e)),8&amp;t)return e;if(4&amp;t&amp;&amp;"object"==typeof e&amp;&amp;e&amp;&amp;e.__esModule)return e;var r=Object.create(null);if(l.r(r),Object.defineProperty(r,"default",{enumerable:!0,value:e}),2&amp;t&amp;&amp;"string"!=typeof e)for(var n in e)l.d(r,n,function(t){return e[t]}.bind(null,n));return r},l.n=function(e){var t=e&amp;&amp;e.__esModule?function(){return e.default}:function(){return e};return l.d(t,"a",t),t},l.o=function(e,t){return Object.prototype.hasOwnProperty.call(e,t)},l.p="/";var i=this.webpackJsonpclient=this.webpackJsonpclient||[],f=i.push.bind(i);i.push=t,i=i.slice();for(var a=0;a&lt;i.length;a++)t(i[a]);var c=f;r()}([])</script>
    <script src="/static/js/2.ff97317d.chunk.js"/>
    <script src="/static/js/main.a43537eb.chunk.js"/>
  </body>
</html>
]]></system-out>
    <system-err><![CDATA[SLF4J: Failed to load class "org.slf4j.impl.StaticLoggerBinder".
SLF4J: Defaulting to no-operation (NOP) logger implementation
SLF4J: See http://www.slf4j.org/codes.html#StaticLoggerBinder for further details.
]]></system-err>
  </testcase>
  <testcase name="shouldBeAbleToRegister" classname="com.qacart.todo.UserTest" time="5.984">
    <system-out><![CDATA[HTTP/1.1 201 Created
Server: Cowboy
Connection: keep-alive
X-Powered-By: Express
Access-Control-Allow-Origin: *
Set-Cookie: access_token=eyJhbGciOiJIUzI1NiIsInR5cCI6IkpXVCJ9.eyJpZCI6IjY0MjJkMDdkM2QzYjBkMDAxNDYyNzE0YSIsImZpcnN0TmFtZSI6IlRhaW5hIiwibGFzdE5hbWUiOiJBYmVybmF0aHkiLCJpYXQiOjE2ODAwMDMxOTd9.fKwpX1x1YnYuouQFgMv76kUf9xg5zKjCPCfWj2hS_4g; Path=/
Set-Cookie: userID=j%3A%226422d07d3d3b0d001462714a%22; Path=/
Set-Cookie: firstName=Taina; Path=/
Content-Type: application/json; charset=utf-8
Content-Length: 280
Etag: W/"118-sRVp9GqQ5HbWDeX3Cle7XcLIrKo"
Date: Tue, 28 Mar 2023 11:33:17 GMT
Via: 1.1 vegur

{
    "access_token": "eyJhbGciOiJIUzI1NiIsInR5cCI6IkpXVCJ9.eyJpZCI6IjY0MjJkMDdkM2QzYjBkMDAxNDYyNzE0YSIsImZpcnN0TmFtZSI6IlRhaW5hIiwibGFzdE5hbWUiOiJBYmVybmF0aHkiLCJpYXQiOjE2ODAwMDMxOTd9.fKwpX1x1YnYuouQFgMv76kUf9xg5zKjCPCfWj2hS_4g",
    "userID": "6422d07d3d3b0d001462714a",
    "firstName": "Taina"
}
Request method:	POST
Request URI:	https://qacart-todo.herokuapp.com/api/v1/users/login
Proxy:			<none>
Request params:	<none>
Query params:	<none>
Form params:	<none>
Path params:	<none>
Headers:		Accept=*/*
				Content-Type=application/json
Cookies:		<none>
Multiparts:		<none>
Body:
{
    "email": "jerrod.wunsch@gmail.com",
    "password": "123456355"
}
HTTP/1.1 201 Created
Server: Cowboy
Connection: keep-alive
X-Powered-By: Express
Access-Control-Allow-Origin: *
Set-Cookie: access_token=eyJhbGciOiJIUzI1NiIsInR5cCI6IkpXVCJ9.eyJpZCI6IjY0MjJkMDdkM2QzYjBkMDAxNDYyNzE1NCIsImZpcnN0TmFtZSI6IlNhcmFoIiwibGFzdE5hbWUiOiJHcmFkeSIsImlhdCI6MTY4MDAwMzE5N30.QtwxUQwxRJqBUhkRI7mrpadNZx16enw_bzYmKf60UgQ; Path=/
Set-Cookie: userID=j%3A%226422d07d3d3b0d0014627154%22; Path=/
Set-Cookie: firstName=Sarah; Path=/
Content-Type: application/json; charset=utf-8
Content-Length: 275
Etag: W/"113-4CezY/OejTY/eiLgYvFQwtbSy3k"
Date: Tue, 28 Mar 2023 11:33:17 GMT
Via: 1.1 vegur

{
    "access_token": "eyJhbGciOiJIUzI1NiIsInR5cCI6IkpXVCJ9.eyJpZCI6IjY0MjJkMDdkM2QzYjBkMDAxNDYyNzE1NCIsImZpcnN0TmFtZSI6IlNhcmFoIiwibGFzdE5hbWUiOiJHcmFkeSIsImlhdCI6MTY4MDAwMzE5N30.QtwxUQwxRJqBUhkRI7mrpadNZx16enw_bzYmKf60UgQ",
    "userID": "6422d07d3d3b0d0014627154",
    "firstName": "Sarah"
}
HTTP/1.1 201 Created
Server: Cowboy
Connection: keep-alive
X-Powered-By: Express
Access-Control-Allow-Origin: *
Set-Cookie: access_token=eyJhbGciOiJIUzI1NiIsInR5cCI6IkpXVCJ9.eyJpZCI6IjY0MjJkMDdkM2QzYjBkMDAxNDYyNzE0ZSIsImZpcnN0TmFtZSI6IlNhbHZhdG9yZSIsImxhc3ROYW1lIjoiQmVyZ25hdW0iLCJpYXQiOjE2ODAwMDMxOTd9.jLqzdWrrGaZEjauKbN7FoRdXjDoylqmGxpYNsm4NYTA; Path=/
Set-Cookie: userID=j%3A%226422d07d3d3b0d001462714e%22; Path=/
Set-Cookie: firstName=Salvatore; Path=/
Content-Type: application/json; charset=utf-8
Content-Length: 288
Etag: W/"120-+imeazj5w+nmd5FHU3u6QaMISfk"
Date: Tue, 28 Mar 2023 11:33:17 GMT
Via: 1.1 vegur

{
    "access_token": "eyJhbGciOiJIUzI1NiIsInR5cCI6IkpXVCJ9.eyJpZCI6IjY0MjJkMDdkM2QzYjBkMDAxNDYyNzE0ZSIsImZpcnN0TmFtZSI6IlNhbHZhdG9yZSIsImxhc3ROYW1lIjoiQmVyZ25hdW0iLCJpYXQiOjE2ODAwMDMxOTd9.jLqzdWrrGaZEjauKbN7FoRdXjDoylqmGxpYNsm4NYTA",
    "userID": "6422d07d3d3b0d001462714e",
    "firstName": "Salvatore"
}
HTTP/1.1 201 Created
Server: Cowboy
Connection: keep-alive
X-Powered-By: Express
Access-Control-Allow-Origin: *
Set-Cookie: access_token=eyJhbGciOiJIUzI1NiIsInR5cCI6IkpXVCJ9.eyJpZCI6IjY0MjJkMDdkM2QzYjBkMDAxNDYyNzE1OCIsImZpcnN0TmFtZSI6IkNpZXJyYSIsImxhc3ROYW1lIjoiVHVyY290dGUiLCJpYXQiOjE2ODAwMDMxOTd9.ZVbgofHNTydb8lP1xT6117hSpAD4_casDShgr9QlQEI; Path=/
Set-Cookie: userID=j%3A%226422d07d3d3b0d0014627158%22; Path=/
Set-Cookie: firstName=Cierra; Path=/
Content-Type: application/json; charset=utf-8
Content-Length: 281
Etag: W/"119-5CvjOBnj9d5meSAHkxytt8/oj0A"
Date: Tue, 28 Mar 2023 11:33:17 GMT
Via: 1.1 vegur

{
    "access_token": "eyJhbGciOiJIUzI1NiIsInR5cCI6IkpXVCJ9.eyJpZCI6IjY0MjJkMDdkM2QzYjBkMDAxNDYyNzE1OCIsImZpcnN0TmFtZSI6IkNpZXJyYSIsImxhc3ROYW1lIjoiVHVyY290dGUiLCJpYXQiOjE2ODAwMDMxOTd9.ZVbgofHNTydb8lP1xT6117hSpAD4_casDShgr9QlQEI",
    "userID": "6422d07d3d3b0d0014627158",
    "firstName": "Cierra"
}
HTTP/1.1 201 Created
Server: Cowboy
Connection: keep-alive
X-Powered-By: Express
Access-Control-Allow-Origin: *
Set-Cookie: access_token=eyJhbGciOiJIUzI1NiIsInR5cCI6IkpXVCJ9.eyJpZCI6IjY0MjJkMDdkM2QzYjBkMDAxNDYyNzE1MiIsImZpcnN0TmFtZSI6IkNoYXMiLCJsYXN0TmFtZSI6IkRvb2xleSIsImlhdCI6MTY4MDAwMzE5N30.AdhV4xZynkvV072hDSinX8m1cbZ9y7ioyiCHJNWHSY8; Path=/
Set-Cookie: userID=j%3A%226422d07d3d3b0d0014627152%22; Path=/
Set-Cookie: firstName=Chas; Path=/
Content-Type: application/json; charset=utf-8
Content-Length: 274
Etag: W/"112-13i+2Zau/pgYuAndoUEsEh0zkMA"
Date: Tue, 28 Mar 2023 11:33:17 GMT
Via: 1.1 vegur

{
    "access_token": "eyJhbGciOiJIUzI1NiIsInR5cCI6IkpXVCJ9.eyJpZCI6IjY0MjJkMDdkM2QzYjBkMDAxNDYyNzE1MiIsImZpcnN0TmFtZSI6IkNoYXMiLCJsYXN0TmFtZSI6IkRvb2xleSIsImlhdCI6MTY4MDAwMzE5N30.AdhV4xZynkvV072hDSinX8m1cbZ9y7ioyiCHJNWHSY8",
    "userID": "6422d07d3d3b0d0014627152",
    "firstName": "Chas"
}
HTTP/1.1 201 Created
Server: Cowboy
Connection: keep-alive
X-Powered-By: Express
Access-Control-Allow-Origin: *
Set-Cookie: access_token=eyJhbGciOiJIUzI1NiIsInR5cCI6IkpXVCJ9.eyJpZCI6IjY0MjJkMDdkM2QzYjBkMDAxNDYyNzE1NiIsImZpcnN0TmFtZSI6IkRvdWdsYXNzIiwibGFzdE5hbWUiOiJTY2hvZW4iLCJpYXQiOjE2ODAwMDMxOTd9.76f16NfybqeAWnBPY7tHkLi9v8zsomYrVoox7bcTnRs; Path=/
Set-Cookie: userID=j%3A%226422d07d3d3b0d0014627156%22; Path=/
Set-Cookie: firstName=Douglass; Path=/
Content-Type: application/json; charset=utf-8
Content-Length: 283
Etag: W/"11b-HF5jCNXS7lED55lzuHUeWjwULuk"
Date: Tue, 28 Mar 2023 11:33:17 GMT
Via: 1.1 vegur

{
    "access_token": "eyJhbGciOiJIUzI1NiIsInR5cCI6IkpXVCJ9.eyJpZCI6IjY0MjJkMDdkM2QzYjBkMDAxNDYyNzE1NiIsImZpcnN0TmFtZSI6IkRvdWdsYXNzIiwibGFzdE5hbWUiOiJTY2hvZW4iLCJpYXQiOjE2ODAwMDMxOTd9.76f16NfybqeAWnBPY7tHkLi9v8zsomYrVoox7bcTnRs",
    "userID": "6422d07d3d3b0d0014627156",
    "firstName": "Douglass"
}
Request method:	POST
Request URI:	https://qacart-todo.herokuapp.com/api/v1/users/login
Proxy:			<none>
Request params:	<none>
Query params:	<none>
Form params:	<none>
Path params:	<none>
Headers:		Accept=*/*
				Content-Type=application/json
Cookies:		<none>
Multiparts:		<none>
Body:
{
    "email": "cletus.becker@gmail.com",
    "password": "1234546646"
}
HTTP/1.1 201 Created
Server: Cowboy
Connection: keep-alive
X-Powered-By: Express
Access-Control-Allow-Origin: *
Set-Cookie: access_token=eyJhbGciOiJIUzI1NiIsInR5cCI6IkpXVCJ9.eyJpZCI6IjY0MjJkMDdkM2QzYjBkMDAxNDYyNzE1MCIsImZpcnN0TmFtZSI6IkxhbmUiLCJsYXN0TmFtZSI6Ikdvb2R3aW4iLCJpYXQiOjE2ODAwMDMxOTd9.CwenLy8xXCtai1EFsgEebhfQdM8cLzpGo9jsm9ccGX4; Path=/
Set-Cookie: userID=j%3A%226422d07d3d3b0d0014627150%22; Path=/
Set-Cookie: firstName=Lane; Path=/
Content-Type: application/json; charset=utf-8
Content-Length: 275
Etag: W/"113-Aj/W6y1TljjVqQ5MSjjqUoohnMQ"
Date: Tue, 28 Mar 2023 11:33:17 GMT
Via: 1.1 vegur

{
    "access_token": "eyJhbGciOiJIUzI1NiIsInR5cCI6IkpXVCJ9.eyJpZCI6IjY0MjJkMDdkM2QzYjBkMDAxNDYyNzE1MCIsImZpcnN0TmFtZSI6IkxhbmUiLCJsYXN0TmFtZSI6Ikdvb2R3aW4iLCJpYXQiOjE2ODAwMDMxOTd9.CwenLy8xXCtai1EFsgEebhfQdM8cLzpGo9jsm9ccGX4",
    "userID": "6422d07d3d3b0d0014627150",
    "firstName": "Lane"
}
HTTP/1.1 201 Created
Server: Cowboy
Connection: keep-alive
X-Powered-By: Express
Access-Control-Allow-Origin: *
Set-Cookie: access_token=eyJhbGciOiJIUzI1NiIsInR5cCI6IkpXVCJ9.eyJpZCI6IjY0MjJkMDdkM2QzYjBkMDAxNDYyNzE1YSIsImZpcnN0TmFtZSI6IkJ1cnQiLCJsYXN0TmFtZSI6Ildlc3QiLCJpYXQiOjE2ODAwMDMxOTd9.T2jMUll_FXs2Okp2KklqGyV2gCydCh4z8Y6EBtOnewM; Path=/
Set-Cookie: userID=j%3A%226422d07d3d3b0d001462715a%22; Path=/
Set-Cookie: firstName=Burt; Path=/
Content-Type: application/json; charset=utf-8
Content-Length: 271
Etag: W/"10f-O7XngifWvMouZvxJ/6lJs50r+qc"
Date: Tue, 28 Mar 2023 11:33:17 GMT
Via: 1.1 vegur

{
    "access_token": "eyJhbGciOiJIUzI1NiIsInR5cCI6IkpXVCJ9.eyJpZCI6IjY0MjJkMDdkM2QzYjBkMDAxNDYyNzE1YSIsImZpcnN0TmFtZSI6IkJ1cnQiLCJsYXN0TmFtZSI6Ildlc3QiLCJpYXQiOjE2ODAwMDMxOTd9.T2jMUll_FXs2Okp2KklqGyV2gCydCh4z8Y6EBtOnewM",
    "userID": "6422d07d3d3b0d001462715a",
    "firstName": "Burt"
}
HTTP/1.1 201 Created
Server: Cowboy
Connection: keep-alive
X-Powered-By: Express
Access-Control-Allow-Origin: *
Set-Cookie: access_token=eyJhbGciOiJIUzI1NiIsInR5cCI6IkpXVCJ9.eyJpZCI6IjY0MjJkMDdkM2QzYjBkMDAxNDYyNzE1YyIsImZpcnN0TmFtZSI6IldpbGxvZGVhbiIsImxhc3ROYW1lIjoiV2FyZCIsImlhdCI6MTY4MDAwMzE5N30.Am3GH5VNIBCHHGqb-ddj-xSIW9uXdJVzdFp0QVbKbBU; Path=/
Set-Cookie: userID=j%3A%226422d07d3d3b0d001462715c%22; Path=/
Set-Cookie: firstName=Willodean; Path=/
Content-Type: application/json; charset=utf-8
Content-Length: 283
Etag: W/"11b-v2chZ/Rid3s01cwPEOKvpZjKOkE"
Date: Tue, 28 Mar 2023 11:33:17 GMT
Via: 1.1 vegur

{
    "access_token": "eyJhbGciOiJIUzI1NiIsInR5cCI6IkpXVCJ9.eyJpZCI6IjY0MjJkMDdkM2QzYjBkMDAxNDYyNzE1YyIsImZpcnN0TmFtZSI6IldpbGxvZGVhbiIsImxhc3ROYW1lIjoiV2FyZCIsImlhdCI6MTY4MDAwMzE5N30.Am3GH5VNIBCHHGqb-ddj-xSIW9uXdJVzdFp0QVbKbBU",
    "userID": "6422d07d3d3b0d001462715c",
    "firstName": "Willodean"
}
Request method:	POST
Request URI:	https://qacart-todo.herokuapp.com/api/v1/users/register
Proxy:			<none>
Request params:	<none>
Query params:	<none>
Form params:	<none>
Path params:	<none>
Headers:		Accept=*/*
				Content-Type=application/json
Cookies:		<none>
Multiparts:		<none>
Body:
{
    "lastName": "West",
    "email": "josh.zulauf@hotmail.com",
    "password": "1234546646",
    "firstName": "Burt"
}
]]></system-out>
  </testcase>
  <testcase name="shouldNotBeLoginWithIncorrectPassword" classname="com.qacart.todo.UserTest" time="6.443">
    <system-out><![CDATA[HTTP/1.1 401 Unauthorized
Server: Cowboy
Connection: keep-alive
X-Powered-By: Express
Access-Control-Allow-Origin: *
Content-Type: application/json; charset=utf-8
Content-Length: 105
Etag: W/"69-+ROAeTYdLtKREH6azCyNv++b54o"
Date: Tue, 28 Mar 2023 11:33:18 GMT
Via: 1.1 vegur

{
    "message": "The email and password combination is not correct, please fill a correct email and password"
}
]]></system-out>
  </testcase>
  <testcase name="LoginTest" classname="com.qacart.todo.UserTest" time="6.452">
    <system-out><![CDATA[HTTP/1.1 200 OK
Server: Cowboy
Connection: keep-alive
X-Powered-By: Express
Access-Control-Allow-Origin: *
Set-Cookie: access_token=eyJhbGciOiJIUzI1NiIsInR5cCI6IkpXVCJ9.eyJpZCI6IjY0MjJkMDdkM2QzYjBkMDAxNDYyNzE1NCIsImZpcnN0TmFtZSI6IlNhcmFoIiwibGFzdE5hbWUiOiJHcmFkeSIsImlhdCI6MTY4MDAwMzE5OH0.kATWtsvF3Xty-nXnxW-mlmxlMxZKNXj-k1pnc_dQyaY; Path=/
Set-Cookie: userID=j%3A%226422d07d3d3b0d0014627154%22; Path=/
Set-Cookie: firstName=Sarah; Path=/
Content-Type: application/json; charset=utf-8
Content-Length: 275
Etag: W/"113-aQ40eX9lRDuHN1O8Jp63hXESGTo"
Date: Tue, 28 Mar 2023 11:33:18 GMT
Via: 1.1 vegur

{
    "access_token": "eyJhbGciOiJIUzI1NiIsInR5cCI6IkpXVCJ9.eyJpZCI6IjY0MjJkMDdkM2QzYjBkMDAxNDYyNzE1NCIsImZpcnN0TmFtZSI6IlNhcmFoIiwibGFzdE5hbWUiOiJHcmFkeSIsImlhdCI6MTY4MDAwMzE5OH0.kATWtsvF3Xty-nXnxW-mlmxlMxZKNXj-k1pnc_dQyaY",
    "userID": "6422d07d3d3b0d0014627154",
    "firstName": "Sarah"
}
]]></system-out>
  </testcase>
  <testcase name="shouldNotBeAbleToRegisterWithTheSameEmail" classname="com.qacart.todo.UserTest" time="6.456">
    <system-out><![CDATA[HTTP/1.1 400 Bad Request
Server: Cowboy
Connection: keep-alive
X-Powered-By: Express
Access-Control-Allow-Origin: *
Content-Type: application/json; charset=utf-8
Content-Length: 53
Etag: W/"35-dsxV0+vy1L0TgNQY0Spaqv/j9fw"
Date: Tue, 28 Mar 2023 11:33:18 GMT
Via: 1.1 vegur

{
    "message": "Email is already exists in the Database"
}
]]></system-out>
  </testcase>
  <testcase name="getAllTodos" classname="com.qacart.todo.TodoTest" time="7.735">
    <system-out><![CDATA[Request method:	POST
Request URI:	https://qacart-todo.herokuapp.com/api/v1/tasks
Proxy:			<none>
Request params:	<none>
Query params:	<none>
Form params:	<none>
Path params:	<none>
Headers:		Accept=*/*
				Content-Type=application/json
Cookies:		<none>
Multiparts:		<none>
Body:
{
    "isCompleted": false,
    "item": "A Confederacy of Dunces"
}
Request method:	GET
Request URI:	https://qacart-todo.herokuapp.com/api/v1/tasks
Proxy:			<none>
Request params:	<none>
Query params:	<none>
Form params:	<none>
Path params:	<none>
Headers:		Accept=*/*
				Content-Type=application/json
Cookies:		<none>
Multiparts:		<none>
Body:			<none>
Request method:	POST
Request URI:	https://qacart-todo.herokuapp.com/api/v1/tasks
Proxy:			<none>
Request params:	<none>
Query params:	<none>
Form params:	<none>
Path params:	<none>
Headers:		Accept=*/*
				Content-Type=application/json
Cookies:		<none>
Multiparts:		<none>
Body:
{
    "isCompleted": false,
    "item": "Waiting for the Barbarians"
}
Request method:	POST
Request URI:	https://qacart-todo.herokuapp.com/api/v1/tasks
Proxy:			<none>
Request params:	<none>
Query params:	<none>
Form params:	<none>
Path params:	<none>
Headers:		Accept=*/*
				Content-Type=application/json
Cookies:		<none>
Multiparts:		<none>
Body:
{
    "isCompleted": false,
    "item": "Ring of Bright Water"
}
Request method:	POST
Request URI:	https://qacart-todo.herokuapp.com/api/v1/tasks
Proxy:			<none>
Request params:	<none>
Query params:	<none>
Form params:	<none>
Path params:	<none>
Headers:		Accept=*/*
				Content-Type=application/json
Cookies:		<none>
Multiparts:		<none>
Body:
{
    "item": "book"
}
HTTP/1.1 200 OK
Server: Cowboy
Connection: keep-alive
X-Powered-By: Express
Access-Control-Allow-Origin: *
Content-Type: application/json; charset=utf-8
Content-Length: 12
Etag: W/"c-vYhJ+637j7hGzLiQJl8ECNUD9Wk"
Date: Tue, 28 Mar 2023 11:33:19 GMT
Via: 1.1 vegur

{
    "tasks": [
        
    ]
}
]]></system-out>
  </testcase>
  <testcase name="shouldNotAddTodoIfIsCompletedMissing" classname="com.qacart.todo.TodoTest" time="7.788">
    <system-out><![CDATA[HTTP/1.1 201 Created
Server: Cowboy
Connection: keep-alive
X-Powered-By: Express
Access-Control-Allow-Origin: *
Content-Type: application/json; charset=utf-8
Content-Length: 173
Etag: W/"ad-bIQDYlO5z93hZTge0c7EdehEroo"
Date: Tue, 28 Mar 2023 11:33:19 GMT
Via: 1.1 vegur

{
    "isCompleted": false,
    "_id": "6422d07f3d3b0d0014627162",
    "item": "Waiting for the Barbarians",
    "userID": "6422d07d3d3b0d001462715c",
    "createdAt": "2023-03-28T11:33:19.859Z",
    "__v": 0
}
HTTP/1.1 400 Bad Request
Server: Cowboy
Connection: keep-alive
X-Powered-By: Express
Access-Control-Allow-Origin: *
Content-Type: application/json; charset=utf-8
Content-Length: 41
Etag: W/"29-6r/RqTsrv9UltwKyzcuXEXN5hS4"
Date: Tue, 28 Mar 2023 11:33:19 GMT
Via: 1.1 vegur

{
    "message": "\"isCompleted\" is required"
}
]]></system-out>
  </testcase>
  <testcase name="AddTodo" classname="com.qacart.todo.TodoTest" time="7.79"/>
  <testcase name="getTodoByID" classname="com.qacart.todo.TodoTest" time="8.473">
    <system-out><![CDATA[HTTP/1.1 201 Created
Server: Cowboy
Connection: keep-alive
X-Powered-By: Express
Access-Control-Allow-Origin: *
Content-Type: application/json; charset=utf-8
Content-Length: 167
Etag: W/"a7-/WM6YSONCdPaUktbxN3ISl5v/Zk"
Date: Tue, 28 Mar 2023 11:33:19 GMT
Via: 1.1 vegur

{
    "isCompleted": false,
    "_id": "6422d07f3d3b0d0014627164",
    "item": "Ring of Bright Water",
    "userID": "6422d07d3d3b0d0014627150",
    "createdAt": "2023-03-28T11:33:19.890Z",
    "__v": 0
}
HTTP/1.1 201 Created
Server: Cowboy
Connection: keep-alive
X-Powered-By: Express
Access-Control-Allow-Origin: *
Content-Type: application/json; charset=utf-8
Content-Length: 170
Etag: W/"aa-OKG09hfVm8KqwjO3Gp193++PgYo"
Date: Tue, 28 Mar 2023 11:33:19 GMT
Via: 1.1 vegur

{
    "isCompleted": false,
    "_id": "6422d07f3d3b0d0014627166",
    "item": "A Confederacy of Dunces",
    "userID": "6422d07d3d3b0d0014627156",
    "createdAt": "2023-03-28T11:33:19.901Z",
    "__v": 0
}
Request method:	GET
Request URI:	https://qacart-todo.herokuapp.com/api/v1/tasks/6422d07f3d3b0d0014627164
Proxy:			<none>
Request params:	<none>
Query params:	<none>
Form params:	<none>
Path params:	<none>
Headers:		Accept=*/*
				Content-Type=application/json
Cookies:		<none>
Multiparts:		<none>
Body:			<none>
Request method:	DELETE
Request URI:	https://qacart-todo.herokuapp.com/api/v1/tasks/6422d07f3d3b0d0014627166
Proxy:			<none>
Request params:	<none>
Query params:	<none>
Form params:	<none>
Path params:	<none>
Headers:		Accept=*/*
				Content-Type=application/json
Cookies:		<none>
Multiparts:		<none>
Body:			<none>
HTTP/1.1 200 OK
Server: Cowboy
Connection: keep-alive
X-Powered-By: Express
Access-Control-Allow-Origin: *
Content-Type: application/json; charset=utf-8
Content-Length: 167
Etag: W/"a7-/WM6YSONCdPaUktbxN3ISl5v/Zk"
Date: Tue, 28 Mar 2023 11:33:20 GMT
Via: 1.1 vegur

{
    "isCompleted": false,
    "_id": "6422d07f3d3b0d0014627164",
    "item": "Ring of Bright Water",
    "userID": "6422d07d3d3b0d0014627150",
    "createdAt": "2023-03-28T11:33:19.890Z",
    "__v": 0
}
]]></system-out>
  </testcase>
  <testcase name="deleteTodoByID" classname="com.qacart.todo.TodoTest" time="8.496">
    <system-out><![CDATA[HTTP/1.1 200 OK
Server: Cowboy
Connection: keep-alive
X-Powered-By: Express
Access-Control-Allow-Origin: *
Content-Type: application/json; charset=utf-8
Content-Length: 170
Etag: W/"aa-OKG09hfVm8KqwjO3Gp193++PgYo"
Date: Tue, 28 Mar 2023 11:33:20 GMT
Via: 1.1 vegur

{
    "isCompleted": false,
    "_id": "6422d07f3d3b0d0014627166",
    "item": "A Confederacy of Dunces",
    "userID": "6422d07d3d3b0d0014627156",
    "createdAt": "2023-03-28T11:33:19.901Z",
    "__v": 0
}
]]></system-out>
  </testcase>
</testsuite>